<?xml version="1.0" encoding="UTF-8" ?>
<testsuite tests="10" failures="0" name="stepDefinitions.TestRunner" time="46.826" errors="2" skipped="0">
  <properties>
    <property name="java.runtime.name" value="Java(TM) SE Runtime Environment"/>
    <property name="java.vm.version" value="11.0.11+9-LTS-194"/>
    <property name="sun.boot.library.path" value="C:\Program Files\Java\jdk-11.0.11\bin"/>
    <property name="maven.multiModuleProjectDirectory" value="C:\Users\jasdeep.singh\JavaCucumber_2023\JavaCucumberProject"/>
    <property name="java.vm.vendor" value="Oracle Corporation"/>
    <property name="java.vendor.url" value="https://openjdk.java.net/"/>
    <property name="guice.disable.misplaced.annotation.check" value="true"/>
    <property name="path.separator" value=";"/>
    <property name="java.vm.name" value="Java HotSpot(TM) 64-Bit Server VM"/>
    <property name="sun.os.patch.level" value=""/>
    <property name="user.script" value=""/>
    <property name="user.country" value="IN"/>
    <property name="sun.java.launcher" value="SUN_STANDARD"/>
    <property name="java.vm.specification.name" value="Java Virtual Machine Specification"/>
    <property name="user.dir" value="C:\Users\jasdeep.singh\JavaCucumber_2023\JavaCucumberProject"/>
    <property name="java.vm.compressedOopsMode" value="Zero based"/>
    <property name="java.runtime.version" value="11.0.11+9-LTS-194"/>
    <property name="java.awt.graphicsenv" value="sun.awt.Win32GraphicsEnvironment"/>
    <property name="os.arch" value="amd64"/>
    <property name="java.io.tmpdir" value="C:\Users\JASDEE~1.SIN\AppData\Local\Temp\"/>
    <property name="line.separator" value="
"/>
    <property name="java.vm.specification.vendor" value="Oracle Corporation"/>
    <property name="user.variant" value=""/>
    <property name="os.name" value="Windows 10"/>
    <property name="classworlds.conf" value="C:\apache-maven-3.8.2\bin\m2.conf"/>
    <property name="sun.jnu.encoding" value="Cp1252"/>
    <property name="java.library.path" value="C:\Program Files\Java\jdk-11.0.11\bin;C:\WINDOWS\Sun\Java\bin;C:\WINDOWS\system32;C:\WINDOWS;C:\Program Files\Common Files\Oracle\Java\javapath;C:\WINDOWS\system32;C:\WINDOWS;C:\WINDOWS\System32\Wbem;C:\WINDOWS\System32\WindowsPowerShell\v1.0\;C:\WINDOWS\System32\OpenSSH\;C:\Program Files\Java\jdk-16.0.2\bin;C:\apache-maven-3.8.2\bin;C:\Program Files\Java\jdk-11.0.11\bin;C:\Program Files (x86)\Pulse Secure\VC142.CRT\X64\;C:\Program Files (x86)\Pulse Secure\VC142.CRT\X86\;C:\Program Files (x86)\Common Files\Pulse Secure\TNC Client Plugin\;C:\Program Files\nodejs\;C:\Ruby30-x64\bin;C:\Users\jasdeep.singh\AppData\Local\Microsoft\WindowsApps;C:\Users\jasdeep.singh\AppData\Local\Programs\Microsoft VS Code\bin;C:\Users\jasdeep.singh\AppData\Local\JetBrains\IntelliJ IDEA Community Edition 2020.3.4\bin;;C:\Users\jasdeep.singh\AppData\Roaming\npm;C:\Users\jasdeep.singh\AppData\Local\GitHubDesktop\bin;;."/>
    <property name="maven.conf" value="C:\apache-maven-3.8.2/conf"/>
    <property name="jdk.debug" value="release"/>
    <property name="java.class.version" value="55.0"/>
    <property name="java.specification.name" value="Java Platform API Specification"/>
    <property name="sun.management.compiler" value="HotSpot 64-Bit Tiered Compilers"/>
    <property name="os.version" value="10.0"/>
    <property name="user.home" value="C:\Users\jasdeep.singh"/>
    <property name="user.timezone" value="Asia/Calcutta"/>
    <property name="java.awt.printerjob" value="sun.awt.windows.WPrinterJob"/>
    <property name="file.encoding" value="Cp1252"/>
    <property name="java.specification.version" value="11"/>
    <property name="user.name" value="jasdeep.singh"/>
    <property name="java.class.path" value="C:\apache-maven-3.8.2\boot\plexus-classworlds-2.6.0.jar"/>
    <property name="java.vm.specification.version" value="11"/>
    <property name="sun.arch.data.model" value="64"/>
    <property name="sun.java.command" value="org.codehaus.plexus.classworlds.launcher.Launcher clean test"/>
    <property name="java.home" value="C:\Program Files\Java\jdk-11.0.11"/>
    <property name="user.language" value="en"/>
    <property name="java.specification.vendor" value="Oracle Corporation"/>
    <property name="awt.toolkit" value="sun.awt.windows.WToolkit"/>
    <property name="java.vm.info" value="mixed mode"/>
    <property name="java.version" value="11.0.11"/>
    <property name="java.vendor" value="Oracle Corporation"/>
    <property name="sun.stderr.encoding" value="cp437"/>
    <property name="maven.home" value="C:\apache-maven-3.8.2"/>
    <property name="file.separator" value="\"/>
    <property name="java.version.date" value="2021-04-20"/>
    <property name="java.vendor.url.bug" value="https://bugreport.java.com/bugreport/"/>
    <property name="sun.io.unicode.encoding" value="UnicodeLittle"/>
    <property name="sun.cpu.endian" value="little"/>
    <property name="java.vendor.version" value="18.9"/>
    <property name="sun.stdout.encoding" value="cp437"/>
    <property name="sun.desktop" value="windows"/>
    <property name="sun.cpu.isalist" value="amd64"/>
  </properties>
  <testcase classname="Achiev INT Login #1" name="Verify that user is able to login" time="28.015"/>
  <testcase classname="Feature test google search funtionality" name="validate search functionality is working fine" time="18.667"/>
  <testcase classname="Achiev INT Login #2" name="Verify that user is able to login" time="0.049">
    <error type="java.lang.NullPointerException">java.lang.NullPointerException
	at stepDefinitions.achieveLogin_PF.navigate_to_achiev_page(achieveLogin_PF.java:35)
	at ✽.navigate to Achiev page(file:///C:/Users/jasdeep.singh/JavaCucumber_2023/JavaCucumberProject/src/test/resources/Features/Hooks_Demo/AchieveLogin_Hooks.feature:4)
</error>
    <system-out>
Scenario Outline: Verify that user is able to login                                          # src/test/resources/Features/Hooks_Demo/AchieveLogin_Hooks.feature:12
  Given navigate to Achiev page                                                              # stepDefinitions.achieveLogin_PF.navigate_to_achiev_page()
      java.lang.NullPointerException
	at stepDefinitions.achieveLogin_PF.navigate_to_achiev_page(achieveLogin_PF.java:35)
	at âœ½.navigate to Achiev page(file:///C:/Users/jasdeep.singh/JavaCucumber_2023/JavaCucumberProject/src/test/resources/Features/Hooks_Demo/AchieveLogin_Hooks.feature:4)

  And use click on sign in button                                                            # stepDefinitions.achieveLogin_PF.use_click_on_sign_in_button()
  When user enter valid achievetestautomation0508+admin1690176851919@gmail.com and Test@1234 # stepDefinitions.achieveLogin_PF.user_enter_username_and_password(java.lang.String,java.lang.String)
  And click on signin button                                                                 # stepDefinitions.achieveLogin_PF.click_on_signin_button()
  Then user is navigated on Achieve Home Page                                                # stepDefinitions.achieveLogin_PF.user_is_navigated_on_achieve_home_page()
</system-out>
  </testcase>
  <testcase classname="Achiev INT Login #2" name="Verify that user is unable to login with invalid creds" time="0.05">
    <error type="java.lang.NullPointerException">java.lang.NullPointerException
	at stepDefinitions.achieveLogin_PF.navigate_to_achiev_page(achieveLogin_PF.java:35)
	at ✽.navigate to Achiev page(file:///C:/Users/jasdeep.singh/JavaCucumber_2023/JavaCucumberProject/src/test/resources/Features/Hooks_Demo/AchieveLogin_Hooks.feature:15)
</error>
    <system-out>
Scenario Outline: Verify that user is unable to login with invalid creds              # src/test/resources/Features/Hooks_Demo/AchieveLogin_Hooks.feature:23
  Given navigate to Achiev page                                                       # stepDefinitions.achieveLogin_PF.navigate_to_achiev_page()
      java.lang.NullPointerException
	at stepDefinitions.achieveLogin_PF.navigate_to_achiev_page(achieveLogin_PF.java:35)
	at âœ½.navigate to Achiev page(file:///C:/Users/jasdeep.singh/JavaCucumber_2023/JavaCucumberProject/src/test/resources/Features/Hooks_Demo/AchieveLogin_Hooks.feature:15)

  And use click on sign in button                                                     # stepDefinitions.achieveLogin_PF.use_click_on_sign_in_button()
  When user enter invalid achievetestautomation0508+admin11919@gmail.com and Test@134 # stepDefinitions.achieveLogin_PF.user_enter_username_and_password(java.lang.String,java.lang.String)
  And click on signin button                                                          # stepDefinitions.achieveLogin_PF.click_on_signin_button()
  Then verify invalid creds error message
</system-out>
  </testcase>
  <testcase classname="feature to Test Login fucntionality #1" name="semple 0" time="0.01"/>
  <testcase classname="feature to Test Login fucntionality #1" name="semple 1" time="0.005"/>
  <testcase classname="feature to Test Login fucntionality #1" name="semple 2" time="0.007"/>
  <testcase classname="feature to Test Login fucntionality #1" name="semple 3" time="0.007"/>
  <testcase classname="feature to Test Login fucntionality #1" name="semple 4" time="0.007"/>
  <testcase classname="feature to Test Login fucntionality #2" name="check user is able to login with valid creds" time="0.009"/>
</testsuite>