<?xml version="1.0" encoding="UTF-8" ?>
<testsuite tests="10" failures="0" name="stepDefinitions.TestRunner" time="46.826" errors="2" skipped="0">
  <properties>
[...]
</properties>
  <testcase classname="Achiev INT Login #1" name="Verify that user is able to login" time="28.015"/>
  <testcase classname="Feature test google search funtionality" name="validate search functionality is working fine" time="18.667"/>
  <testcase classname="Achiev INT Login #2" name="Verify that user is able to login" time="0.049">
    <error type="java.lang.NullPointerException">java.lang.NullPointerException
	at stepDefinitions.achieveLogin_PF.navigate_to_achiev_page(achieveLogin_PF.java:35)
	at ✽.navigate to Achiev page(file:///C:/Users/jasdeep.singh/JavaCucumber_2023/JavaCucumberProject/src/test/resources/Features/Hooks_Demo/AchieveLogin_Hooks.feature:4)
</error>
    <system-out>
Scenario Outline: Verify that user is able to login                                          # src/test/resources/Features/Hooks_Demo/AchieveLogin_Hooks.feature:12
  Given navigate to Achiev page                                                              # stepDefinitions.achieveLogin_PF.navigate_to_achiev_page()
      java.lang.NullPointerException
	at stepDefinitions.achieveLogin_PF.navigate_to_achiev_page(achieveLogin_PF.java:35)
	at âœ½.navigate to Achiev page(file:///C:/Users/jasdeep.singh/JavaCucumber_2023/JavaCucumberProject/src/test/resources/Features/Hooks_Demo/AchieveLogin_Hooks.feature:4)

  And use click on sign in button                                                            # stepDefinitions.achieveLogin_PF.use_click_on_sign_in_button()
  When user enter valid achievetestautomation0508+admin1690176851919@gmail.com and Test@1234 # stepDefinitions.achieveLogin_PF.user_enter_username_and_password(java.lang.String,java.lang.String)
  And click on signin button                                                                 # stepDefinitions.achieveLogin_PF.click_on_signin_button()
  Then user is navigated on Achieve Home Page                                                # stepDefinitions.achieveLogin_PF.user_is_navigated_on_achieve_home_page()
</system-out>
  </testcase>
  <testcase classname="Achiev INT Login #2" name="Verify that user is unable to login with invalid creds" time="0.05">
    <error type="java.lang.NullPointerException">java.lang.NullPointerException
	at stepDefinitions.achieveLogin_PF.navigate_to_achiev_page(achieveLogin_PF.java:35)
	at ✽.navigate to Achiev page(file:///C:/Users/jasdeep.singh/JavaCucumber_2023/JavaCucumberProject/src/test/resources/Features/Hooks_Demo/AchieveLogin_Hooks.feature:15)
</error>
    <system-out>
Scenario Outline: Verify that user is unable to login with invalid creds              # src/test/resources/Features/Hooks_Demo/AchieveLogin_Hooks.feature:23
  Given navigate to Achiev page                                                       # stepDefinitions.achieveLogin_PF.navigate_to_achiev_page()
      java.lang.NullPointerException
	at stepDefinitions.achieveLogin_PF.navigate_to_achiev_page(achieveLogin_PF.java:35)
	at âœ½.navigate to Achiev page(file:///C:/Users/jasdeep.singh/JavaCucumber_2023/JavaCucumberProject/src/test/resources/Features/Hooks_Demo/AchieveLogin_Hooks.feature:15)

  And use click on sign in button                                                     # stepDefinitions.achieveLogin_PF.use_click_on_sign_in_button()
  When user enter invalid achievetestautomation0508+admin11919@gmail.com and Test@134 # stepDefinitions.achieveLogin_PF.user_enter_username_and_password(java.lang.String,java.lang.String)
  And click on signin button                                                          # stepDefinitions.achieveLogin_PF.click_on_signin_button()
  Then verify invalid creds error message
</system-out>
  </testcase>
  <testcase classname="feature to Test Login fucntionality #1" name="semple 0" time="0.01"/>
  <testcase classname="feature to Test Login fucntionality #1" name="semple 1" time="0.005"/>
  <testcase classname="feature to Test Login fucntionality #1" name="semple 2" time="0.007"/>
  <testcase classname="feature to Test Login fucntionality #1" name="semple 3" time="0.007"/>
  <testcase classname="feature to Test Login fucntionality #1" name="semple 4" time="0.007"/>
  <testcase classname="feature to Test Login fucntionality #2" name="check user is able to login with valid creds" time="0.009"/>
</testsuite>